#
# A fatal error has been detected by the Java Runtime Environment:
#
#  EXCEPTION_ACCESS_VIOLATION (0xc0000005) at pc=0x000000001cb550da, pid=11368, tid=0x0000000000005388
#
# JRE version: Java(TM) SE Runtime Environment (8.0_131-b11) (build 1.8.0_131-b11)
# Java VM: Java HotSpot(TM) 64-Bit Server VM (25.131-b11 mixed mode windows-amd64 compressed oops)
# Problematic frame:
# C  [packet.dll+0x50da]
#
# Failed to write core dump. Minidumps are not enabled by default on client versions of Windows
#
# If you would like to submit a bug report, please visit:
#   http://bugreport.java.com/bugreport/crash.jsp
# The crash happened outside the Java Virtual Machine in native code.
# See problematic frame for where to report the bug.
#

---------------  T H R E A D  ---------------

Current thread (0x000000001c2b8000):  JavaThread "Thread-2" [_thread_in_native, id=21384, stack(0x0000000025260000,0x0000000025360000)]

siginfo: ExceptionCode=0xc0000005, reading address 0x0000000000000170

Registers:
RAX=0x000000001be2eb60, RBX=0x000000001cc66e60, RCX=0x0000000000000000, RDX=0x0000000000000000
RSP=0x000000002535ee90, RBP=0x0000000000000001, RSI=0x00007ffc30952330, RDI=0x000000001cc66e60
R8 =0x00007ffc30952301, R9 =0x0000000000000000, R10=0x00007ffc30952330, R11=0x000000001c2b7878
R12=0x000000001c2b81f8, R13=0x0000000000000000, R14=0x0000000000000001, R15=0x0000000000000000
RIP=0x000000001cb550da, EFLAGS=0x0000000000010206

Top of Stack: (sp=0x000000002535ee90)
0x000000002535ee90:   000000000339c920 0000000075a17895
0x000000002535eea0:   000000001c2b8000 000000007594749a
0x000000002535eeb0:   000000001bdc7e00 000000001c2b8000
0x000000002535eec0:   000000001cc66e60 0000000180023ca3
0x000000002535eed0:   000000001cc66e60 000000000339c920
0x000000002535eee0:   000000002535f030 0000000200000004
0x000000002535eef0:   000000001c2b8000 000000002535f040
0x000000002535ef00:   00007ffc30950000 0000000000000000
0x000000002535ef10:   000000001cc66e60 0000000180024c80
0x000000002535ef20:   000000001c2b8000 0000000000000000
0x000000002535ef30:   00007ffc30952330 000000002535f040
0x000000002535ef40:   0000000000000000 00007ffc30951c65
0x000000002535ef50:   0000000075fa0d50 0000000000000001
0x000000002535ef60:   000000002535f030 000000001c2b8000
0x000000002535ef70:   000000001867df38 0000000000000000
0x000000002535ef80:   0000000003747da0 0000000003757f74 

Instructions: (pc=0x000000001cb550da)
0x000000001cb550ba:   34 00 00 00 00 c6 41 38 00 c3 cc cc cc cc cc cc
0x000000001cb550ca:   cc cc cc cc cc cc 48 89 5c 24 08 57 48 83 ec 30
0x000000001cb550da:   8b 81 70 01 00 00 48 8b fa 48 8b d9 83 f8 10 75
0x000000001cb550ea:   3e 8b 51 58 83 fa ff 74 12 48 8b 49 50 83 c8 ff 


Register to memory mapping:

RAX=0x000000001be2eb60 is a global jni handle
RBX=0x000000001cc66e60 is an unknown value
RCX=0x0000000000000000 is an unknown value
RDX=0x0000000000000000 is an unknown value
RSP=0x000000002535ee90 is pointing into the stack for thread: 0x000000001c2b8000
RBP=0x0000000000000001 is an unknown value
RSI=0x00007ffc30952330 is an unknown value
RDI=0x000000001cc66e60 is an unknown value
R8 =0x00007ffc30952301 is an unknown value
R9 =0x0000000000000000 is an unknown value
R10=0x00007ffc30952330 is an unknown value
R11=0x000000001c2b7878 is an unknown value
R12=0x000000001c2b81f8 is an unknown value
R13=0x0000000000000000 is an unknown value
R14=0x0000000000000001 is an unknown value
R15=0x0000000000000000 is an unknown value


Stack: [0x0000000025260000,0x0000000025360000],  sp=0x000000002535ee90,  free space=1019k
Native frames: (J=compiled Java code, j=interpreted, Vv=VM code, C=native code)
C  [packet.dll+0x50da]
C  [wpcap.dll+0x23ca3]
C  [wpcap.dll+0x24c80]
C  [jpcap.dll+0x1c65]
C  0x0000000003757f74

Java frames: (J=compiled Java code, j=interpreted, Vv=VM code)
j  jpcap.JpcapCaptor.processPacket(ILjpcap/PacketReceiver;)I+0
j  netcap.NetCaptor$1.run()V+25
j  java.lang.Thread.run()V+11
v  ~StubRoutines::call_stub

---------------  P R O C E S S  ---------------

Java Threads: ( => current thread )
=>0x000000001c2b8000 JavaThread "Thread-2" [_thread_in_native, id=21384, stack(0x0000000025260000,0x0000000025360000)]
  0x000000001c07c000 JavaThread "TimerQueue" daemon [_thread_blocked, id=18444, stack(0x000000001ed40000,0x000000001ee40000)]
  0x000000000339d800 JavaThread "DestroyJavaVM" [_thread_blocked, id=16228, stack(0x00000000033a0000,0x00000000034a0000)]
  0x000000001be9b000 JavaThread "AWT-EventQueue-0" [_thread_in_native, id=21816, stack(0x000000001d130000,0x000000001d230000)]
  0x000000001be29800 JavaThread "AWT-Windows" daemon [_thread_in_native, id=18200, stack(0x000000001c740000,0x000000001c840000)]
  0x000000001be27800 JavaThread "AWT-Shutdown" [_thread_blocked, id=4976, stack(0x000000001c640000,0x000000001c740000)]
  0x000000001bd82000 JavaThread "Java2D Disposer" daemon [_thread_blocked, id=22816, stack(0x000000001c4b0000,0x000000001c5b0000)]
  0x000000001a0e9800 JavaThread "Service Thread" daemon [_thread_blocked, id=18268, stack(0x000000001ba00000,0x000000001bb00000)]
  0x000000001a046000 JavaThread "C1 CompilerThread3" daemon [_thread_blocked, id=8216, stack(0x000000001b900000,0x000000001ba00000)]
  0x000000001a045800 JavaThread "C2 CompilerThread2" daemon [_thread_blocked, id=13796, stack(0x000000001b800000,0x000000001b900000)]
  0x000000001a044800 JavaThread "C2 CompilerThread1" daemon [_thread_blocked, id=12368, stack(0x000000001b700000,0x000000001b800000)]
  0x000000001a044000 JavaThread "C2 CompilerThread0" daemon [_thread_blocked, id=22520, stack(0x000000001b600000,0x000000001b700000)]
  0x000000001a03b000 JavaThread "Monitor Ctrl-Break" daemon [_thread_in_native, id=14668, stack(0x000000001b500000,0x000000001b600000)]
  0x0000000019f56800 JavaThread "Attach Listener" daemon [_thread_blocked, id=11800, stack(0x000000001b400000,0x000000001b500000)]
  0x0000000019fb5000 JavaThread "Signal Dispatcher" daemon [_thread_blocked, id=1292, stack(0x000000001b300000,0x000000001b400000)]
  0x0000000019f43000 JavaThread "Finalizer" daemon [_thread_blocked, id=6796, stack(0x000000001b1a0000,0x000000001b2a0000)]
  0x0000000003739000 JavaThread "Reference Handler" daemon [_thread_blocked, id=3776, stack(0x000000001b0a0000,0x000000001b1a0000)]

Other Threads:
  0x0000000019f22000 VMThread [stack: 0x000000001afa0000,0x000000001b0a0000] [id=10708]
  0x000000001a11e000 WatcherThread [stack: 0x000000001bb00000,0x000000001bc00000] [id=11008]

VM state:not at safepoint (normal execution)

VM Mutex/Monitor currently owned by a thread: None

Heap:
 PSYoungGen      total 37888K, used 22264K [0x00000000d6200000, 0x00000000d8c00000, 0x0000000100000000)
  eden space 32768K, 67% used [0x00000000d6200000,0x00000000d77be170,0x00000000d8200000)
  from space 5120K, 0% used [0x00000000d8700000,0x00000000d8700000,0x00000000d8c00000)
  to   space 5120K, 0% used [0x00000000d8200000,0x00000000d8200000,0x00000000d8700000)
 ParOldGen       total 86016K, used 0K [0x0000000082600000, 0x0000000087a00000, 0x00000000d6200000)
  object space 86016K, 0% used [0x0000000082600000,0x0000000082600000,0x0000000087a00000)
 Metaspace       used 13256K, capacity 13562K, committed 13696K, reserved 1060864K
  class space    used 1724K, capacity 1849K, committed 1920K, reserved 1048576K

Card table byte_map: [0x0000000012b00000,0x0000000012ef0000] byte_map_base: 0x00000000126ed000

Marking Bits: (ParMarkBitMap*) 0x000000007601c720
 Begin Bits: [0x0000000013b90000, 0x0000000015af8000)
 End Bits:   [0x0000000015af8000, 0x0000000017a60000)

Polling page: 0x0000000001370000

CodeCache: size=245760Kb used=3778Kb max_used=3778Kb free=241981Kb
 bounds [0x0000000003740000, 0x0000000003b00000, 0x0000000012740000]
 total_blobs=1524 nmethods=1027 adapters=409
 compilation: enabled

Compilation events (10 events):
Event: 31.030 Thread 0x000000001a046000 1022       1       netcap.NetCaptor::access$100 (5 bytes)
Event: 31.030 Thread 0x000000001a046000 nmethod 1022 0x0000000003aeed50 code [0x0000000003aeeea0, 0x0000000003aeef90]
Event: 31.031 Thread 0x000000001a046000 1023       1       javax.swing.JComponent::isManagingFocus (2 bytes)
Event: 31.031 Thread 0x000000001a046000 nmethod 1023 0x0000000003aef3d0 code [0x0000000003aef520, 0x0000000003aef630]
Event: 31.031 Thread 0x000000001a046000 1025       3       javax.swing.JComponent::getInputMap (142 bytes)
Event: 31.032 Thread 0x000000001a046000 nmethod 1025 0x0000000003aef690 code [0x0000000003aef8c0, 0x0000000003af0608]
Event: 31.032 Thread 0x000000001a046000 1026       3       javax.swing.JComponent::firePropertyChange (8 bytes)
Event: 31.032 Thread 0x000000001a046000 nmethod 1026 0x0000000003af0a90 code [0x0000000003af0c20, 0x0000000003af11a8]
Event: 31.032 Thread 0x000000001a046000 1027       3       java.awt.Component::firePropertyChange (26 bytes)
Event: 31.032 Thread 0x000000001a046000 nmethod 1027 0x0000000003af13d0 code [0x0000000003af1560, 0x0000000003af1a88]

GC Heap History (0 events):
No events

Deoptimization events (10 events):
Event: 3.603 Thread 0x000000001be9b000 Uncommon trap: reason=unstable_if action=reinterpret pc=0x0000000003a0882c method=java.security.AccessControlContext.optimize()Ljava/security/AccessControlContext; @ 206
Event: 18.650 Thread 0x000000001be9b000 Uncommon trap: reason=class_check action=maybe_recompile pc=0x00000000038cf668 method=java.lang.String.equals(Ljava/lang/Object;)Z @ 8
Event: 18.650 Thread 0x000000001be9b000 Uncommon trap: reason=class_check action=maybe_recompile pc=0x00000000038cf668 method=java.lang.String.equals(Ljava/lang/Object;)Z @ 8
Event: 18.650 Thread 0x000000001be9b000 Uncommon trap: reason=class_check action=maybe_recompile pc=0x00000000038cf668 method=java.lang.String.equals(Ljava/lang/Object;)Z @ 8
Event: 19.313 Thread 0x000000001be9b000 Uncommon trap: reason=unstable_if action=reinterpret pc=0x0000000003a27424 method=java.awt.Container.findComponentAtImpl(IIZ)Ljava/awt/Component; @ 131
Event: 19.643 Thread 0x000000001be9b000 Uncommon trap: reason=class_check action=maybe_recompile pc=0x00000000038cf668 method=java.lang.String.equals(Ljava/lang/Object;)Z @ 8
Event: 19.964 Thread 0x000000001be9b000 Uncommon trap: reason=unstable_if action=reinterpret pc=0x0000000003a21624 method=java.security.AccessControlContext.combine([Ljava/security/ProtectionDomain;[Ljava/security/ProtectionDomain;)[Ljava/security/ProtectionDomain; @ 11
Event: 20.047 Thread 0x000000001be9b000 Uncommon trap: reason=unstable_if action=reinterpret pc=0x0000000003a4e41c method=java.awt.EventQueue.getPriority(Ljava/awt/AWTEvent;)I @ 71
Event: 23.603 Thread 0x000000001be9b000 Uncommon trap: reason=unstable_if action=reinterpret pc=0x0000000003ac425c method=java.awt.EventQueue.eventToCacheIndex(Ljava/awt/AWTEvent;)I @ 71
Event: 23.606 Thread 0x000000001be9b000 Uncommon trap: reason=unstable_if action=reinterpret pc=0x0000000003addf48 method=java.awt.EventQueue.eventToCacheIndex(Ljava/awt/AWTEvent;)I @ 71

Internal exceptions (10 events):
Event: 0.030 Thread 0x000000000339d800 Exception <a 'java/lang/NoSuchMethodError': Method sun.misc.Unsafe.prefetchRead(Ljava/lang/Object;J)V name or signature does not match> (0x00000000d6207f90) thrown at [C:\re\workspace\8-2-build-windows-amd64-cygwin\jdk8u131\8869\hotspot\src\share\vm\prims
Event: 0.119 Thread 0x000000000339d800 Exception <a 'java/security/PrivilegedActionException'> (0x00000000d656f6d8) thrown at [C:\re\workspace\8-2-build-windows-amd64-cygwin\jdk8u131\8869\hotspot\src\share\vm\prims\jvm.cpp, line 1390]
Event: 0.119 Thread 0x000000000339d800 Exception <a 'java/security/PrivilegedActionException'> (0x00000000d656f8e8) thrown at [C:\re\workspace\8-2-build-windows-amd64-cygwin\jdk8u131\8869\hotspot\src\share\vm\prims\jvm.cpp, line 1390]
Event: 0.119 Thread 0x000000000339d800 Exception <a 'java/security/PrivilegedActionException'> (0x00000000d65717d8) thrown at [C:\re\workspace\8-2-build-windows-amd64-cygwin\jdk8u131\8869\hotspot\src\share\vm\prims\jvm.cpp, line 1390]
Event: 0.119 Thread 0x000000000339d800 Exception <a 'java/security/PrivilegedActionException'> (0x00000000d65719e8) thrown at [C:\re\workspace\8-2-build-windows-amd64-cygwin\jdk8u131\8869\hotspot\src\share\vm\prims\jvm.cpp, line 1390]
Event: 0.125 Thread 0x000000000339d800 Exception <a 'java/io/FileNotFoundException'> (0x00000000d6587a38) thrown at [C:\re\workspace\8-2-build-windows-amd64-cygwin\jdk8u131\8869\hotspot\src\share\vm\prims\jni.cpp, line 709]
Event: 0.149 Thread 0x000000000339d800 Exception <a 'java/lang/NoSuchFieldError': method resolution failed> (0x00000000d66b55b8) thrown at [C:\re\workspace\8-2-build-windows-amd64-cygwin\jdk8u131\8869\hotspot\src\share\vm\prims\methodHandles.cpp, line 1146]
Event: 0.150 Thread 0x000000000339d800 Exception <a 'java/lang/NoSuchFieldError': method resolution failed> (0x00000000d66c3430) thrown at [C:\re\workspace\8-2-build-windows-amd64-cygwin\jdk8u131\8869\hotspot\src\share\vm\prims\methodHandles.cpp, line 1146]
Event: 0.177 Thread 0x000000000339d800 Exception <a 'java/io/FileNotFoundException'> (0x00000000d680eee8) thrown at [C:\re\workspace\8-2-build-windows-amd64-cygwin\jdk8u131\8869\hotspot\src\share\vm\prims\jni.cpp, line 709]
Event: 0.199 Thread 0x000000000339d800 Implicit null exception at 0x00000000038b5662 to 0x00000000038b5829

Events (10 events):
Event: 23.606 loading class netcap/NetCaptor$1
Event: 23.606 loading class netcap/NetCaptor$1 done
Event: 23.606 Thread 0x000000001c2b8000 Thread added: 0x000000001c2b8000
Event: 23.606 Thread 0x000000001be9b000 Uncommon trap: trap_request=0xffffff65 fr.pc=0x0000000003addf48
Event: 23.606 Thread 0x000000001be9b000 DEOPT PACKING pc=0x0000000003addf48 sp=0x000000001d22ef50
Event: 23.606 Thread 0x000000001be9b000 DEOPT UNPACKING pc=0x000000000378582a sp=0x000000001d22ee18 mode 2
Event: 26.614 Executing VM operation: BulkRevokeBias
Event: 26.614 Executing VM operation: BulkRevokeBias done
Event: 27.499 loading class java/security/DomainCombiner
Event: 27.499 loading class java/security/DomainCombiner done


Dynamic libraries:
0x00007ff6c1330000 - 0x00007ff6c1367000 	D:\JDK\bin\java.exe
0x00007ffc3d880000 - 0x00007ffc3da70000 	C:\WINDOWS\SYSTEM32\ntdll.dll
0x00007ffc3bf10000 - 0x00007ffc3bfc2000 	C:\WINDOWS\System32\KERNEL32.DLL
0x00007ffc3b290000 - 0x00007ffc3b535000 	C:\WINDOWS\System32\KERNELBASE.dll
0x00007ffc3be30000 - 0x00007ffc3bed3000 	C:\WINDOWS\System32\ADVAPI32.dll
0x00007ffc3bfd0000 - 0x00007ffc3c06e000 	C:\WINDOWS\System32\msvcrt.dll
0x00007ffc3c070000 - 0x00007ffc3c107000 	C:\WINDOWS\System32\sechost.dll
0x00007ffc3bac0000 - 0x00007ffc3bbe0000 	C:\WINDOWS\System32\RPCRT4.dll
0x00007ffc3cb00000 - 0x00007ffc3cc94000 	C:\WINDOWS\System32\USER32.dll
0x00007ffc3a980000 - 0x00007ffc3a9a1000 	C:\WINDOWS\System32\win32u.dll
0x00007ffc3d700000 - 0x00007ffc3d726000 	C:\WINDOWS\System32\GDI32.dll
0x00007ffc3b690000 - 0x00007ffc3b826000 	C:\WINDOWS\System32\gdi32full.dll
0x00007ffc3b5f0000 - 0x00007ffc3b68e000 	C:\WINDOWS\System32\msvcp_win.dll
0x00007ffc3b830000 - 0x00007ffc3b92a000 	C:\WINDOWS\System32\ucrtbase.dll
0x00007ffc306b0000 - 0x00007ffc30934000 	C:\WINDOWS\WinSxS\amd64_microsoft.windows.common-controls_6595b64144ccf1df_6.0.18362.1198_none_9e820b57e45ad92f\COMCTL32.dll
0x00007ffc3c7a0000 - 0x00007ffc3cad5000 	C:\WINDOWS\System32\combase.dll
0x00007ffc3a8b0000 - 0x00007ffc3a930000 	C:\WINDOWS\System32\bcryptPrimitives.dll
0x00007ffc3bee0000 - 0x00007ffc3bf0e000 	C:\WINDOWS\System32\IMM32.DLL
0x00000000760a0000 - 0x0000000076172000 	D:\JDK\jre\bin\msvcr100.dll
0x0000000075800000 - 0x000000007609c000 	D:\JDK\jre\bin\server\jvm.dll
0x00007ffc3cae0000 - 0x00007ffc3cae8000 	C:\WINDOWS\System32\PSAPI.DLL
0x00007ffc33ff0000 - 0x00007ffc33ff9000 	C:\WINDOWS\SYSTEM32\WSOCK32.dll
0x00007ffc3a310000 - 0x00007ffc3a31a000 	C:\WINDOWS\SYSTEM32\VERSION.dll
0x00007ffc3bdb0000 - 0x00007ffc3be1f000 	C:\WINDOWS\System32\WS2_32.dll
0x00007ffc386b0000 - 0x00007ffc386d4000 	C:\WINDOWS\SYSTEM32\WINMM.dll
0x00007ffc38230000 - 0x00007ffc3825d000 	C:\WINDOWS\SYSTEM32\winmmbase.dll
0x00007ffc3a930000 - 0x00007ffc3a97a000 	C:\WINDOWS\System32\cfgmgr32.dll
0x0000000076eb0000 - 0x0000000076ebf000 	D:\JDK\jre\bin\verify.dll
0x00000000757d0000 - 0x00000000757f9000 	D:\JDK\jre\bin\java.dll
0x0000000075780000 - 0x00000000757a3000 	D:\JDK\jre\bin\instrument.dll
0x00000000757b0000 - 0x00000000757c6000 	D:\JDK\jre\bin\zip.dll
0x00007ffc3cd20000 - 0x00007ffc3d407000 	C:\WINDOWS\System32\SHELL32.dll
0x00007ffc3b930000 - 0x00007ffc3b9d9000 	C:\WINDOWS\System32\shcore.dll
0x00007ffc3a9b0000 - 0x00007ffc3b131000 	C:\WINDOWS\System32\windows.storage.dll
0x00007ffc3a7b0000 - 0x00007ffc3a7d3000 	C:\WINDOWS\System32\profapi.dll
0x00007ffc3a760000 - 0x00007ffc3a7aa000 	C:\WINDOWS\System32\powrprof.dll
0x00007ffc3a730000 - 0x00007ffc3a740000 	C:\WINDOWS\System32\UMPDC.dll
0x00007ffc3d7e0000 - 0x00007ffc3d832000 	C:\WINDOWS\System32\shlwapi.dll
0x00007ffc3a740000 - 0x00007ffc3a751000 	C:\WINDOWS\System32\kernel.appcore.dll
0x00007ffc3b5a0000 - 0x00007ffc3b5b7000 	C:\WINDOWS\System32\cryptsp.dll
0x00007ffc335c0000 - 0x00007ffc335da000 	D:\IntelliJ IDEA 2020.1\bin\breakgen64.dll
0x0000000075720000 - 0x000000007573a000 	D:\JDK\jre\bin\net.dll
0x00007ffc39f10000 - 0x00007ffc39f77000 	C:\WINDOWS\system32\mswsock.dll
0x0000000075580000 - 0x0000000075718000 	D:\JDK\jre\bin\awt.dll
0x00007ffc3c6d0000 - 0x00007ffc3c795000 	C:\WINDOWS\System32\OLEAUT32.dll
0x00007ffc38910000 - 0x00007ffc3899f000 	C:\WINDOWS\SYSTEM32\apphelp.dll
0x00007ffc38f40000 - 0x00007ffc38f6d000 	C:\WINDOWS\system32\DWMAPI.DLL
0x00007ffc38a00000 - 0x00007ffc38a99000 	C:\WINDOWS\system32\uxtheme.dll
0x00007ffc2ce00000 - 0x00007ffc2cf56000 	C:\WINDOWS\system32\opengl32.dll
0x00007ffc31160000 - 0x00007ffc3118c000 	C:\WINDOWS\SYSTEM32\GLU32.dll
0x00007ffc39300000 - 0x00007ffc39320000 	C:\WINDOWS\SYSTEM32\dxcore.dll
0x00007ffc3d5c0000 - 0x00007ffc3d6f5000 	C:\WINDOWS\System32\MSCTF.dll
0x00007ffc3bc50000 - 0x00007ffc3bda7000 	C:\WINDOWS\System32\ole32.dll
0x0000000075530000 - 0x0000000075577000 	D:\JDK\jre\bin\fontmanager.dll
0x0000000075510000 - 0x0000000075521000 	D:\JDK\jre\bin\nio.dll
0x00000000754c0000 - 0x0000000075502000 	D:\JDK\jre\bin\t2k.dll
0x00007ffc2fdb0000 - 0x00007ffc2fe4e000 	C:\WINDOWS\System32\TextInputFramework.dll
0x00007ffc36590000 - 0x00007ffc368ba000 	C:\WINDOWS\System32\CoreUIComponents.dll
0x00007ffc38260000 - 0x00007ffc38334000 	C:\WINDOWS\System32\CoreMessaging.dll
0x00007ffc39700000 - 0x00007ffc39731000 	C:\WINDOWS\SYSTEM32\ntmarta.dll
0x00007ffc35f50000 - 0x00007ffc360a3000 	C:\WINDOWS\SYSTEM32\wintypes.dll
0x00007ffc27230000 - 0x00007ffc274d7000 	C:\WINDOWS\System32\iertutil.dll
0x00007ffc3d730000 - 0x00007ffc3d7d2000 	C:\WINDOWS\System32\clbcatq.dll
0x00007ffc2f770000 - 0x00007ffc2f95d000 	C:\WINDOWS\system32\SogouTSF.ime
0x00007ffc388b0000 - 0x00007ffc388b7000 	C:\WINDOWS\system32\MSIMG32.dll
0x00007ffc080f0000 - 0x00007ffc08984000 	C:\WINDOWS\system32\SogouPy.ime
0x00007ffc2bfe0000 - 0x00007ffc2c0d0000 	C:\WINDOWS\SYSTEM32\WINHTTP.dll
0x00007ffc30980000 - 0x00007ffc309e5000 	C:\WINDOWS\SYSTEM32\OLEACC.dll
0x000000001f150000 - 0x000000001f26d000 	C:\Program Files (x86)\SogouInput\9.7.0.3695\Resource.dll
0x00007ffc098d0000 - 0x00007ffc09b39000 	C:\Program Files (x86)\SogouInput\Components\PicFace\1.1.0.1870\PicFace64.dll
0x00007ffc3c580000 - 0x00007ffc3c650000 	C:\WINDOWS\System32\COMDLG32.dll
0x00007ffc33560000 - 0x00007ffc33578000 	C:\Program Files (x86)\SogouInput\Components\VoiceInput\1.0.0.170\VoiceInput64.dll
0x00007ffc30950000 - 0x00007ffc3097b000 	D:\JDK\jre\bin\jpcap.dll
0x0000000180000000 - 0x0000000180065000 	C:\WINDOWS\SYSTEM32\wpcap.dll
0x00007ffc39c20000 - 0x00007ffc39c5a000 	C:\WINDOWS\SYSTEM32\IPHLPAPI.DLL
0x000000001cb50000 - 0x000000001cb6f000 	C:\WINDOWS\SYSTEM32\packet.dll
0x00007ffc3be20000 - 0x00007ffc3be28000 	C:\WINDOWS\System32\NSI.dll
0x00007ffc31df0000 - 0x00007ffc31e06000 	C:\WINDOWS\SYSTEM32\dhcpcsvc6.DLL
0x00007ffc31dd0000 - 0x00007ffc31dec000 	C:\WINDOWS\SYSTEM32\dhcpcsvc.DLL
0x00007ffc39c60000 - 0x00007ffc39d2b000 	C:\WINDOWS\SYSTEM32\DNSAPI.dll
0x00007ffc35bd0000 - 0x00007ffc35d7f000 	C:\WINDOWS\SYSTEM32\WindowsCodecs.dll
0x00007ffc22470000 - 0x00007ffc224aa000 	C:\WINDOWS\system32\dataexchange.dll
0x00007ffc37df0000 - 0x00007ffc3804b000 	C:\WINDOWS\system32\d3d11.dll
0x00007ffc38050000 - 0x00007ffc3822d000 	C:\WINDOWS\system32\dcomp.dll
0x00007ffc39390000 - 0x00007ffc3947b000 	C:\WINDOWS\system32\dxgi.dll
0x00007ffc38ac0000 - 0x00007ffc38d22000 	C:\WINDOWS\system32\twinapi.appcore.dll
0x00007ffc38f10000 - 0x00007ffc38f39000 	C:\WINDOWS\system32\RMCLIENT.dll
0x00007ffc2f510000 - 0x00007ffc2f704000 	C:\WINDOWS\SYSTEM32\dbghelp.dll

VM Arguments:
jvm_args: -javaagent:D:\IntelliJ IDEA 2020.1\lib\idea_rt.jar=65494:D:\IntelliJ IDEA 2020.1\bin -Dfile.encoding=UTF-8 
java_command: netcap.JFrameMain
java_class_path (initial): D:\JDK\jre\lib\charsets.jar;D:\JDK\jre\lib\deploy.jar;D:\JDK\jre\lib\dev-classes_net.ultrametrics-0.03.jar;D:\JDK\jre\lib\ext\access-bridge-64.jar;D:\JDK\jre\lib\ext\cldrdata.jar;D:\JDK\jre\lib\ext\dnsns.jar;D:\JDK\jre\lib\ext\jaccess.jar;D:\JDK\jre\lib\ext\jfxrt.jar;D:\JDK\jre\lib\ext\jpcap.jar;D:\JDK\jre\lib\ext\localedata.jar;D:\JDK\jre\lib\ext\nashorn.jar;D:\JDK\jre\lib\ext\sunec.jar;D:\JDK\jre\lib\ext\sunjce_provider.jar;D:\JDK\jre\lib\ext\sunmscapi.jar;D:\JDK\jre\lib\ext\sunpkcs11.jar;D:\JDK\jre\lib\ext\zipfs.jar;D:\JDK\jre\lib\fooware_CommandLine-1.0.jar;D:\JDK\jre\lib\javadoc_net.sourceforge.jpcap-0.01.16.jar;D:\JDK\jre\lib\javaws.jar;D:\JDK\jre\lib\jce.jar;D:\JDK\jre\lib\jfr.jar;D:\JDK\jre\lib\jfxswt.jar;D:\JDK\jre\lib\jsse.jar;D:\JDK\jre\lib\management-agent.jar;D:\JDK\jre\lib\net.sourceforge.jpcap-0.01.16.jar;D:\JDK\jre\lib\plugin.jar;D:\JDK\jre\lib\resources.jar;D:\JDK\jre\lib\rt.jar;D:\Project_IDEA\.idea\out\production\PacketCatch;D:\IntelliJ IDEA 2020.1\lib\idea_rt.jar
Launcher Type: SUN_STANDARD

Environment Variables:
JAVA_HOME=D:\JDK
CLASSPATH=.;D:\JDK\lib\dt.jar;D:\JDK\lib\tools.jar; 
PATH=D:\javaKaiFa\;C:\ProgramData\Oracle\Java\javapath;C:\WINDOWS\system32;C:\WINDOWS;C:\WINDOWS\System32\Wbem;C:\WINDOWS\System32\WindowsPowerShell\v1.0\;C:\WINDOWS\System32\OpenSSH\;D:\JDK\bin;D:\JDK\jre\bin;D:\Git\cmd;C:\Program Files\MySQL\MySQL Server 5.7\bin;C:\Users\Mopo\AppData\Local\Microsoft\WindowsApps;C:\Users\Mopo\AppData\Local\Programs\Fiddler;C:\Program Files\MySQL\MySQL Server 5.7\bin;
USERNAME=Mopo
OS=Windows_NT
PROCESSOR_IDENTIFIER=Intel64 Family 6 Model 158 Stepping 10, GenuineIntel



---------------  S Y S T E M  ---------------

OS: Windows 10.0 , 64 bit Build 18362 (10.0.18362.1110)

CPU:total 12 (initial active 12) (6 cores per cpu, 2 threads per core) family 6 model 158 stepping 10, cmov, cx8, fxsr, mmx, sse, sse2, sse3, ssse3, sse4.1, sse4.2, popcnt, avx, avx2, aes, clmul, erms, 3dnowpref, lzcnt, ht, tsc, tscinvbit, bmi1, bmi2, adx

Memory: 4k page, physical 8231784k(3129316k free), swap 14785384k(5479340k free)

vm_info: Java HotSpot(TM) 64-Bit Server VM (25.131-b11) for windows-amd64 JRE (1.8.0_131-b11), built on Mar 15 2017 01:23:53 by "java_re" with MS VC++ 10.0 (VS2010)

time: Fri Nov 27 23:07:01 2020
elapsed time: 31 seconds (0d 0h 0m 31s)

